

*******************************************************************************
Thu Apr 16 21:32:49 2015


FIT:    data read from '../Data/ACD_ave.dat' u 1:4
        format = x:z
        x range restricted to [30.0000 : 2100.00]
        #datapoints = 7
        residuals are weighted equally (unit weight)

function used for fitting: f(x)
fitted parameters initialized with current variable values



 Iteration 0
 WSSR        : 6.8675            delta(WSSR)/WSSR   : 0
 delta(WSSR) : 0                 limit for stopping : 1e-05
 lambda	  : 0.578146

initial set of free parameter values

E0              = 1
a               = 1
w               = 1

After 8 iterations the fit converged.
final sum of squares of residuals : 2.09397e-07
rel. change during last iteration : -1.63554e-09

degrees of freedom    (FIT_NDF)                        : 4
rms of residuals      (FIT_STDFIT) = sqrt(WSSR/ndf)    : 0.0002288
variance of residuals (reduced chisquare) = WSSR/ndf   : 5.23493e-08

Final set of parameters            Asymptotic Standard Error
=======================            ==========================

E0              = 0.00137371       +/- 0.0003129    (22.78%)
a               = 0.440682         +/- 0.01804      (4.095%)
w               = 0.655994         +/- 0.01282      (1.955%)


correlation matrix of the fit parameters:

               E0     a      w      
E0              1.000 
a               0.843  1.000 
w               0.903  0.989  1.000 


*******************************************************************************
Thu Apr 16 21:32:49 2015


FIT:    data read from '../Data/HO_10_ave.dat' u 1:4
        format = x:z
        x range restricted to [30.0000 : 2100.00]
        #datapoints = 7
        residuals are weighted equally (unit weight)

function used for fitting: f(x)
fitted parameters initialized with current variable values



 Iteration 0
 WSSR        : 5.89095e-05       delta(WSSR)/WSSR   : 0
 delta(WSSR) : 0                 limit for stopping : 1e-05
 lambda	  : 0.580324

initial set of free parameter values

E0              = 0.00137371
a               = 0.440682
w               = 0.655994

After 6 iterations the fit converged.
final sum of squares of residuals : 1.08745e-07
rel. change during last iteration : -5.65828e-06

degrees of freedom    (FIT_NDF)                        : 4
rms of residuals      (FIT_STDFIT) = sqrt(WSSR/ndf)    : 0.000164883
variance of residuals (reduced chisquare) = WSSR/ndf   : 2.71863e-08

Final set of parameters            Asymptotic Standard Error
=======================            ==========================

E0              = 0.0010438        +/- 0.0001828    (17.51%)
a               = 0.599064         +/- 0.02018      (3.368%)
w               = 0.76122          +/- 0.01022      (1.343%)


correlation matrix of the fit parameters:

               E0     a      w      
E0              1.000 
a               0.812  1.000 
w               0.868  0.991  1.000 


*******************************************************************************
Thu Apr 16 21:32:49 2015


FIT:    data read from '../Data/HO_100_ave.dat' u 1:4
        format = x:z
        x range restricted to [30.0000 : 2100.00]
        #datapoints = 6
        residuals are weighted equally (unit weight)

function used for fitting: f(x)
fitted parameters initialized with current variable values



 Iteration 0
 WSSR        : 2.93016e-06       delta(WSSR)/WSSR   : 0
 delta(WSSR) : 0                 limit for stopping : 1e-05
 lambda	  : 0.579745

initial set of free parameter values

E0              = 0.0010438
a               = 0.599064
w               = 0.76122

After 6 iterations the fit converged.
final sum of squares of residuals : 3.18013e-08
rel. change during last iteration : -1.5129e-09

degrees of freedom    (FIT_NDF)                        : 3
rms of residuals      (FIT_STDFIT) = sqrt(WSSR/ndf)    : 0.000102958
variance of residuals (reduced chisquare) = WSSR/ndf   : 1.06004e-08

Final set of parameters            Asymptotic Standard Error
=======================            ==========================

E0              = -0.000339434     +/- 0.0001623    (47.8%)
a               = 0.582123         +/- 0.01366      (2.347%)
w               = 0.743431         +/- 0.007401     (0.9955%)


correlation matrix of the fit parameters:

               E0     a      w      
E0              1.000 
a               0.864  1.000 
w               0.911  0.992  1.000 
