

*******************************************************************************
Thu Apr 16 21:29:21 2015


FIT:    data read from '../Data/ACD_ave.dat' u 1:3
        format = x:z
        x range restricted to [30.0000 : 2100.00]
        #datapoints = 7
        residuals are weighted equally (unit weight)

function used for fitting: f(x)
fitted parameters initialized with current variable values



 Iteration 0
 WSSR        : 21.0667           delta(WSSR)/WSSR   : 0
 delta(WSSR) : 0                 limit for stopping : 1e-05
 lambda	  : 0.578146

initial set of free parameter values

E0              = 1
a               = 1
w               = 1

After 7 iterations the fit converged.
final sum of squares of residuals : 3.78239e-07
rel. change during last iteration : -2.49418e-11

degrees of freedom    (FIT_NDF)                        : 4
rms of residuals      (FIT_STDFIT) = sqrt(WSSR/ndf)    : 0.000307506
variance of residuals (reduced chisquare) = WSSR/ndf   : 9.45598e-08

Final set of parameters            Asymptotic Standard Error
=======================            ==========================

E0              = -0.750436        +/- 0.0003847    (0.05127%)
a               = 0.764002         +/- 0.02883      (3.774%)
w               = 0.697403         +/- 0.01165      (1.671%)


correlation matrix of the fit parameters:

               E0     a      w      
E0              1.000 
a               0.832  1.000 
w               0.889  0.990  1.000 


*******************************************************************************
Thu Apr 16 21:29:21 2015


FIT:    data read from '../Data/HO_10_ave.dat' u 1:3
        format = x:z
        x range restricted to [30.0000 : 2100.00]
        #datapoints = 7
        residuals are weighted equally (unit weight)

function used for fitting: f(x)
fitted parameters initialized with current variable values



 Iteration 0
 WSSR        : 0.000442202       delta(WSSR)/WSSR   : 0
 delta(WSSR) : 0                 limit for stopping : 1e-05
 lambda	  : 0.582639

initial set of free parameter values

E0              = -0.750436
a               = 0.764002
w               = 0.697403

After 6 iterations the fit converged.
final sum of squares of residuals : 9.64645e-07
rel. change during last iteration : -1.24709e-06

degrees of freedom    (FIT_NDF)                        : 4
rms of residuals      (FIT_STDFIT) = sqrt(WSSR/ndf)    : 0.000491082
variance of residuals (reduced chisquare) = WSSR/ndf   : 2.41161e-07

Final set of parameters            Asymptotic Standard Error
=======================            ==========================

E0              = -0.757442        +/- 0.0005402    (0.07132%)
a               = 0.994605         +/- 0.06126      (6.159%)
w               = 0.765789         +/- 0.01868      (2.439%)


correlation matrix of the fit parameters:

               E0     a      w      
E0              1.000 
a               0.811  1.000 
w               0.867  0.991  1.000 


*******************************************************************************
Thu Apr 16 21:29:21 2015


FIT:    data read from '../Data/HO_100_ave.dat' u 1:3
        format = x:z
        x range restricted to [30.0000 : 2100.00]
        #datapoints = 6
        residuals are weighted equally (unit weight)

function used for fitting: f(x)
fitted parameters initialized with current variable values



 Iteration 0
 WSSR        : 1.9928e-05        delta(WSSR)/WSSR   : 0
 delta(WSSR) : 0                 limit for stopping : 1e-05
 lambda	  : 0.583061

initial set of free parameter values

E0              = -0.757442
a               = 0.994605
w               = 0.765789

After 6 iterations the fit converged.
final sum of squares of residuals : 3.63319e-07
rel. change during last iteration : -7.47707e-06

degrees of freedom    (FIT_NDF)                        : 3
rms of residuals      (FIT_STDFIT) = sqrt(WSSR/ndf)    : 0.000348003
variance of residuals (reduced chisquare) = WSSR/ndf   : 1.21106e-07

Final set of parameters            Asymptotic Standard Error
=======================            ==========================

E0              = -0.762775        +/- 0.0006249    (0.08192%)
a               = 0.798487         +/- 0.03625      (4.54%)
w               = 0.683318         +/- 0.01463      (2.142%)


correlation matrix of the fit parameters:

               E0     a      w      
E0              1.000 
a               0.877  1.000 
w               0.926  0.991  1.000 
